\BOOKMARK [0][]{chapter*.1}{Contents}{}% 1
\BOOKMARK [0][]{chapter*.2}{List of Tables}{}% 2
\BOOKMARK [0][]{chapter*.3}{List of Figures}{}% 3
\BOOKMARK [0][]{chapter.1}{1 Introduction}{}% 4
\BOOKMARK [1][]{section.1.1}{1.1 Motivation}{chapter.1}% 5
\BOOKMARK [1][]{section.1.2}{1.2 Outline}{chapter.1}% 6
\BOOKMARK [0][]{chapter.2}{2 Models of the wealth distribution}{}% 7
\BOOKMARK [1][]{section.2.1}{2.1 Introduction}{chapter.2}% 8
\BOOKMARK [1][]{section.2.2}{2.2 Bond prices and yields}{chapter.2}% 9
\BOOKMARK [1][]{section.2.3}{2.3 Affine term structure models}{chapter.2}% 10
\BOOKMARK [1][]{section.2.4}{2.4 Macro-finance extensions}{chapter.2}% 11
\BOOKMARK [1][]{section.2.5}{2.5 Conclusion}{chapter.2}% 12
\BOOKMARK [0][]{chapter.3}{3 The implications of learning about income processes in the face of structural breaks for the household wealth distribution}{}% 13
\BOOKMARK [1][]{section.3.1}{3.1 Introduction}{chapter.3}% 14
\BOOKMARK [1][]{section.3.2}{3.2 Stylized Facts}{chapter.3}% 15
\BOOKMARK [1][]{section.3.3}{3.3 The Model}{chapter.3}% 16
\BOOKMARK [1][]{section.3.4}{3.4 Quantitative Results}{chapter.3}% 17
\BOOKMARK [1][]{section.3.5}{3.5 Extensions}{chapter.3}% 18
\BOOKMARK [1][]{section.3.6}{3.6 Discussion}{chapter.3}% 19
\BOOKMARK [0][]{chapter.4}{4 The competitive effects of trade liberalisation in North America: An empirical application of the Melitz and Ottaviano Model}{}% 20
\BOOKMARK [1][]{section.4.1}{4.1 Introduction}{chapter.4}% 21
\BOOKMARK [1][]{section.4.2}{4.2 Related Literature}{chapter.4}% 22
\BOOKMARK [1][]{section.4.3}{4.3 Model and Estimation Equations}{chapter.4}% 23
\BOOKMARK [1][]{section.4.4}{4.4 Application}{chapter.4}% 24
\BOOKMARK [1][]{section.4.5}{4.5 Results \046 Discussion}{chapter.4}% 25
\BOOKMARK [1][]{section.4.6}{4.6 Conclusion}{chapter.4}% 26
\BOOKMARK [1][]{section.4.7}{4.7 Appendix A: Figures, Summary Statistics, Results}{chapter.4}% 27
\BOOKMARK [1][]{section.4.8}{4.8 Appendix B: Conversion Table}{chapter.4}% 28
\BOOKMARK [1][]{section.4.9}{4.9 Appendix C: Regression Results}{chapter.4}% 29
\BOOKMARK [0][]{chapter.5}{5 Conclusion}{}% 30
\BOOKMARK [0][]{chapter*.22}{Bibliography}{}% 31
