This is pdfTeX, Version 3.1415926-2.5-1.40.14 (MiKTeX 2.9 64-bit) (preloaded format=pdflatex 2015.6.25)  25 JUN 2015 16:46
entering extended mode
**main*file.tex
("C:\Users\nils\Desktop\Thesis\main file.tex"
LaTeX2e <2011/06/27>
Babel <v3.8m> and hyphenation patterns for english, afrikaans, ancientgreek, arabic, armenian, assamese, basque, bengali
, bokmal, bulgarian, catalan, coptic, croatian, czech, danish, dutch, esperanto, estonian, farsi, finnish, french, galic
ian, german, german-x-2013-05-26, greek, gujarati, hindi, hungarian, icelandic, indonesian, interlingua, irish, italian,
 kannada, kurmanji, latin, latvian, lithuanian, malayalam, marathi, mongolian, mongolianlmc, monogreek, ngerman, ngerman
-x-2013-05-26, nynorsk, oriya, panjabi, pinyin, polish, portuguese, romanian, russian, sanskrit, serbian, slovak, sloven
ian, spanish, swedish, swissgerman, tamil, telugu, turkish, turkmen, ukenglish, ukrainian, uppersorbian, usenglishmax, w
elsh, loaded.
(C:\Users\nils\Desktop\Thesis\Classes/CUEDthesisPSnPDF.cls

LaTeX Warning: You have requested document class `Classes/CUEDthesisPSnPDF',
               but the document class provides `CUEDthesisPSnPDF'.

Document Class: CUEDthesisPSnPDF 2010/07/14 v1.1 CUED thesis class
("C:\Program Files\MiKTeX 2.9\tex\latex\base\book.cls"
Document Class: book 2007/10/19 v1.4h Standard LaTeX document class
("C:\Program Files\MiKTeX 2.9\tex\latex\base\bk12.clo"
File: bk12.clo 2007/10/19 v1.4h Standard LaTeX file (size option)
)
\c@part=\count79
\c@chapter=\count80
\c@section=\count81
\c@subsection=\count82
\c@subsubsection=\count83
\c@paragraph=\count84
\c@subparagraph=\count85
\c@figure=\count86
\c@table=\count87
\abovecaptionskip=\skip41
\belowcaptionskip=\skip42
\bibindent=\dimen102
) ("C:\Program Files\MiKTeX 2.9\tex\latex\setspace\setspace.sty"
Package: setspace 2011/12/19 v6.7a set line spacing
) ("C:\Program Files\MiKTeX 2.9\tex\latex\tocbibind\tocbibind.sty"
Package: tocbibind 2010/10/13 v1.5k extra ToC listings
Package tocbibind Info: The document has chapter divisions on input line 50.


Package tocbibind Note: Using chapter style headings, unless overridden.

) ("C:\Program Files\MiKTeX 2.9\tex\latex\amsfonts\amssymb.sty"
Package: amssymb 2013/01/14 v3.01 AMS font symbols

("C:\Program Files\MiKTeX 2.9\tex\latex\amsfonts\amsfonts.sty"
Package: amsfonts 2013/01/14 v3.01 Basic AMSFonts support
\@emptytoks=\toks14
\symAMSa=\mathgroup4
\symAMSb=\mathgroup5
LaTeX Font Info:    Overwriting math alphabet `\mathfrak' in version `bold'
(Font)                  U/euf/m/n --> U/euf/b/n on input line 106.
))
("C:\Program Files\MiKTeX 2.9\tex\latex\fancyhdr\fancyhdr.sty"
\fancy@headwidth=\skip43
\f@ncyO@elh=\skip44
\f@ncyO@erh=\skip45
\f@ncyO@olh=\skip46
\f@ncyO@orh=\skip47
\f@ncyO@elf=\skip48
\f@ncyO@erf=\skip49
\f@ncyO@olf=\skip50
\f@ncyO@orf=\skip51
)
("C:\Program Files\MiKTeX 2.9\tex\latex\amsfonts\eucal.sty"
Package: eucal 2009/06/22 v3.00 Euler Script fonts
LaTeX Font Info:    Overwriting math alphabet `\EuScript' in version `bold'
(Font)                  U/eus/m/n --> U/eus/b/n on input line 33.
) ("C:\Program Files\MiKTeX 2.9\tex\generic\babel\babel.sty"
Package: babel 2008/07/08 v3.8m The Babel package

*************************************
* Local config file bblopts.cfg used
*
("C:\Program Files\MiKTeX 2.9\tex\latex\00miktex\bblopts.cfg"
File: bblopts.cfg 2006/07/31 v1.0 MiKTeX 'babel' configuration
)
("C:\Program Files\MiKTeX 2.9\tex\generic\babel\english.ldf"
Language: english 2005/03/30 v3.3o English support from the babel system
 ("C:\Program Files\MiKTeX 2.9\tex\generic\babel\babel.def"
File: babel.def 2008/07/08 v3.8m Babel common definitions
\babel@savecnt=\count88
\U@D=\dimen103
)
\l@canadian = a dialect from \language\l@american 
\l@australian = a dialect from \language\l@british 
\l@newzealand = a dialect from \language\l@british 
)) ("C:\Program Files\MiKTeX 2.9\tex\latex\graphics\color.sty"
Package: color 2005/11/14 v1.0j Standard LaTeX Color (DPC)
 ("C:\Program Files\MiKTeX 2.9\tex\latex\00miktex\color.cfg"
File: color.cfg 2007/01/18 v1.5 color configuration of teTeX/TeXLive
)
Package color Info: Driver file: pdftex.def on input line 130.
 ("C:\Program Files\MiKTeX 2.9\tex\latex\pdftex-def\pdftex.def"
File: pdftex.def 2011/05/27 v0.06d Graphics/color for pdfTeX

("C:\Program Files\MiKTeX 2.9\tex\generic\oberdiek\infwarerr.sty"
Package: infwarerr 2010/04/08 v1.3 Providing info/warning/error messages (HO)
)
("C:\Program Files\MiKTeX 2.9\tex\generic\oberdiek\ltxcmds.sty"
Package: ltxcmds 2011/11/09 v1.22 LaTeX kernel commands for general use (HO)
)
\Gread@gobject=\count89
)
("C:\Program Files\MiKTeX 2.9\tex\latex\graphics\dvipsnam.def"
File: dvipsnam.def 1999/02/16 v3.0i Driver-dependant file (DPC,SPQR)
))
("C:\Program Files\MiKTeX 2.9\tex\latex\natbib\natbib.sty"
Package: natbib 2010/09/13 8.31b (PWD, AO)
\bibhang=\skip52
\bibsep=\skip53
LaTeX Info: Redefining \cite on input line 694.
\c@NAT@ctr=\count90
) ("C:\Program Files\MiKTeX 2.9\tex\latex\base\ifthen.sty"
Package: ifthen 2001/05/26 v1.1c Standard LaTeX ifthen package (DPC)
)
("C:\Program Files\MiKTeX 2.9\tex\generic\oberdiek\ifpdf.sty"
Package: ifpdf 2011/01/30 v2.3 Provides the ifpdf switch (HO)
Package ifpdf Info: pdfTeX in PDF mode is detected.
)
("C:\Program Files\MiKTeX 2.9\tex\latex\nomencl\nomencl.sty"
Package: nomencl 2005/09/22 v4.2 Nomenclature package (LN)
\nomlabelwidth=\dimen104
\nom@tempdim=\dimen105
\nomitemsep=\skip54
)
\@nomenclaturefile=\write3

Writing nomenclature file main*file.nlo
("C:\Program Files\MiKTeX 2.9\tex\latex\hyperref\hyperref.sty"
Package: hyperref 2012/11/06 v6.83m Hypertext links for LaTeX

("C:\Program Files\MiKTeX 2.9\tex\generic\oberdiek\hobsub-hyperref.sty"
Package: hobsub-hyperref 2012/04/25 v1.12 Bundle oberdiek, subset hyperref (HO)

("C:\Program Files\MiKTeX 2.9\tex\generic\oberdiek\hobsub-generic.sty"
Package: hobsub-generic 2012/04/25 v1.12 Bundle oberdiek, subset generic (HO)
Package: hobsub 2012/04/25 v1.12 Construct package bundles (HO)
Package hobsub Info: Skipping package `infwarerr' (already loaded).
Package hobsub Info: Skipping package `ltxcmds' (already loaded).
Package: ifluatex 2010/03/01 v1.3 Provides the ifluatex switch (HO)
Package ifluatex Info: LuaTeX not detected.
Package: ifvtex 2010/03/01 v1.5 Detect VTeX and its facilities (HO)
Package ifvtex Info: VTeX not detected.
Package: intcalc 2007/09/27 v1.1 Expandable calculations with integers (HO)
Package hobsub Info: Skipping package `ifpdf' (already loaded).
Package: etexcmds 2011/02/16 v1.5 Avoid name clashes with e-TeX commands (HO)
Package etexcmds Info: Could not find \expanded.
(etexcmds)             That can mean that you are not using pdfTeX 1.50 or
(etexcmds)             that some package has redefined \expanded.
(etexcmds)             In the latter case, load this package earlier.
Package: kvsetkeys 2012/04/25 v1.16 Key value parser (HO)
Package: kvdefinekeys 2011/04/07 v1.3 Define keys (HO)
Package: pdftexcmds 2011/11/29 v0.20 Utility functions of pdfTeX for LuaTeX (HO)
Package pdftexcmds Info: LuaTeX not detected.
Package pdftexcmds Info: \pdf@primitive is available.
Package pdftexcmds Info: \pdf@ifprimitive is available.
Package pdftexcmds Info: \pdfdraftmode found.
Package: pdfescape 2011/11/25 v1.13 Implements pdfTeX's escape features (HO)
Package: bigintcalc 2012/04/08 v1.3 Expandable calculations on big integers (HO)
Package: bitset 2011/01/30 v1.1 Handle bit-vector datatype (HO)
Package: uniquecounter 2011/01/30 v1.2 Provide unlimited unique counter (HO)
)
Package hobsub Info: Skipping package `hobsub' (already loaded).
Package: letltxmacro 2010/09/02 v1.4 Let assignment for LaTeX macros (HO)
Package: hopatch 2011/06/24 v1.1 Wrapper for package hooks (HO)
Package: xcolor-patch 2011/01/30 xcolor patch
Package: atveryend 2011/06/30 v1.8 Hooks at the very end of document (HO)
Package atveryend Info: \enddocument detected (standard20110627).
Package: atbegshi 2011/10/05 v1.16 At begin shipout hook (HO)
Package: refcount 2011/10/16 v3.4 Data extraction from label references (HO)
Package: hycolor 2011/01/30 v1.7 Color options for hyperref/bookmark (HO)
)
("C:\Program Files\MiKTeX 2.9\tex\latex\graphics\keyval.sty"
Package: keyval 1999/03/16 v1.13 key=value parser (DPC)
\KV@toks@=\toks15
)
("C:\Program Files\MiKTeX 2.9\tex\generic\ifxetex\ifxetex.sty"
Package: ifxetex 2010/09/12 v0.6 Provides ifxetex conditional
)
("C:\Program Files\MiKTeX 2.9\tex\latex\oberdiek\auxhook.sty"
Package: auxhook 2011/03/04 v1.3 Hooks for auxiliary files (HO)
)
("C:\Program Files\MiKTeX 2.9\tex\latex\oberdiek\kvoptions.sty"
Package: kvoptions 2011/06/30 v3.11 Key value format for package options (HO)
)
\@linkdim=\dimen106
\Hy@linkcounter=\count91
\Hy@pagecounter=\count92

("C:\Program Files\MiKTeX 2.9\tex\latex\hyperref\pd1enc.def"
File: pd1enc.def 2012/11/06 v6.83m Hyperref: PDFDocEncoding definition (HO)
)
\Hy@SavedSpaceFactor=\count93

("C:\Program Files\MiKTeX 2.9\tex\latex\00miktex\hyperref.cfg"
File: hyperref.cfg 2002/06/06 v1.2 hyperref configuration of TeXLive
)
Package hyperref Info: Option `plainpages' set `false' on input line 4319.
Package hyperref Info: Option `pdfpagelabels' set `true' on input line 4319.


Package hyperref Warning: Values of option `pdfpagelayout':
(hyperref)                * `SinglePage'
(hyperref)                * `OneColumn'
(hyperref)                * `TwoColumnLeft'
(hyperref)                * `TwoColumnRight'
(hyperref)                * `TwoPageLeft' (PDF 1.5)
(hyperref)                * `TwoPageRight' (PDF 1.5)
(hyperref)                * An empty value disables the option.
(hyperref)                Unknown value `useoutlines' on input line 4319.

Package hyperref Info: Option `bookmarks' set `true' on input line 4319.
Package hyperref Info: Option `bookmarksopen' set `true' on input line 4319.
Package hyperref Info: Option `bookmarksnumbered' set `true' on input line 4319.
Package hyperref Info: Option `breaklinks' set `true' on input line 4319.
Package hyperref Info: Option `linktocpage' set `true' on input line 4319.
Package hyperref Info: Option `colorlinks' set `true' on input line 4319.
Package hyperref Info: Hyper figures OFF on input line 4443.
Package hyperref Info: Link nesting OFF on input line 4448.
Package hyperref Info: Hyper index ON on input line 4451.
Package hyperref Info: Plain pages OFF on input line 4458.
Package hyperref Info: Backreferencing ON on input line 4461.
Package hyperref Info: Implicit mode ON; LaTeX internals redefined.
Package hyperref Info: Bookmarks ON on input line 4688.
("C:\Program Files\MiKTeX 2.9\tex\latex\hyperref\backref.sty"
Package: backref 2012/07/25 v1.38 Bibliographical back referencing

("C:\Program Files\MiKTeX 2.9\tex\latex\oberdiek\rerunfilecheck.sty"
Package: rerunfilecheck 2011/04/15 v1.7 Rerun checks for auxiliary files (HO)
Package uniquecounter Info: New unique counter `rerunfilecheck' on input line 282.
))
\c@Hy@tempcnt=\count94

("C:\Program Files\MiKTeX 2.9\tex\latex\url\url.sty"
\Urlmuskip=\muskip10
Package: url 2013/09/16  ver 3.4  Verb mode for urls, etc.
)
LaTeX Info: Redefining \url on input line 5041.
\XeTeXLinkMargin=\dimen107
\Fld@menulength=\count95
\Field@Width=\dimen108
\Fld@charsize=\dimen109
Package hyperref Info: Hyper figures OFF on input line 6295.
Package hyperref Info: Link nesting OFF on input line 6300.
Package hyperref Info: Hyper index ON on input line 6303.
Package hyperref Info: backreferencing ON on input line 6308.
Package hyperref Info: Link coloring ON on input line 6313.
Package hyperref Info: Link coloring with OCG OFF on input line 6320.
Package hyperref Info: PDF/A mode OFF on input line 6325.
LaTeX Info: Redefining \ref on input line 6365.
LaTeX Info: Redefining \pageref on input line 6369.
\Hy@abspage=\count96
\c@Item=\count97
\c@Hfootnote=\count98
)

Package hyperref Message: Driver: hpdftex.

("C:\Program Files\MiKTeX 2.9\tex\latex\hyperref\hpdftex.def"
File: hpdftex.def 2012/11/06 v6.83m Hyperref driver for pdfTeX
\Fld@listcount=\count99
\c@bookmark@seq@number=\count100
\Hy@SectionHShift=\skip55
)
("C:\Program Files\MiKTeX 2.9\tex\latex\graphics\graphicx.sty"
Package: graphicx 1999/02/16 v1.0f Enhanced LaTeX Graphics (DPC,SPQR)

("C:\Program Files\MiKTeX 2.9\tex\latex\graphics\graphics.sty"
Package: graphics 2009/02/05 v1.0o Standard LaTeX Graphics (DPC,SPQR)
 ("C:\Program Files\MiKTeX 2.9\tex\latex\graphics\trig.sty"
Package: trig 1999/03/16 v1.09 sin cos tan (DPC)
) ("C:\Program Files\MiKTeX 2.9\tex\latex\00miktex\graphics.cfg"
File: graphics.cfg 2007/01/18 v1.5 graphics configuration of teTeX/TeXLive
)
Package graphics Info: Driver file: pdftex.def on input line 91.
)
\Gin@req@height=\dimen110
\Gin@req@width=\dimen111
)

Package Fancyhdr Warning: \fancyhead's `E' option without twoside option is useless on input line 166.

) ("C:\Program Files\MiKTeX 2.9\tex\latex\tools\longtable.sty"
Package: longtable 2004/02/01 v4.11 Multi-page Table package (DPC)
\LTleft=\skip56
\LTright=\skip57
\LTpre=\skip58
\LTpost=\skip59
\LTchunksize=\count101
\LTcapwidth=\dimen112
\LT@head=\box26
\LT@firsthead=\box27
\LT@foot=\box28
\LT@lastfoot=\box29
\LT@cols=\count102
\LT@rows=\count103
\c@LT@tables=\count104
\c@LT@chunks=\count105
\LT@p@ftn=\toks16
)
("C:\Program Files\MiKTeX 2.9\tex\latex\graphics\lscape.sty"
Package: lscape 2000/10/22 v3.01 Landscape Pages (DPC)
) ("C:\Program Files\MiKTeX 2.9\tex\latex\amsmath\amsmath.sty"
Package: amsmath 2013/01/14 v2.14 AMS math features
\@mathmargin=\skip60

For additional information on amsmath, use the `?' option.
("C:\Program Files\MiKTeX 2.9\tex\latex\amsmath\amstext.sty"
Package: amstext 2000/06/29 v2.01
 ("C:\Program Files\MiKTeX 2.9\tex\latex\amsmath\amsgen.sty"
File: amsgen.sty 1999/11/30 v2.0
\@emptytoks=\toks17
\ex@=\dimen113
)) ("C:\Program Files\MiKTeX 2.9\tex\latex\amsmath\amsbsy.sty"
Package: amsbsy 1999/11/29 v1.2d
\pmbraise@=\dimen114
)
("C:\Program Files\MiKTeX 2.9\tex\latex\amsmath\amsopn.sty"
Package: amsopn 1999/12/14 v2.01 operator names
)
\inf@bad=\count106
LaTeX Info: Redefining \frac on input line 210.
\uproot@=\count107
\leftroot@=\count108
LaTeX Info: Redefining \overline on input line 306.
\classnum@=\count109
\DOTSCASE@=\count110
LaTeX Info: Redefining \ldots on input line 378.
LaTeX Info: Redefining \dots on input line 381.
LaTeX Info: Redefining \cdots on input line 466.
\Mathstrutbox@=\box30
\strutbox@=\box31
\big@size=\dimen115
LaTeX Font Info:    Redeclaring font encoding OML on input line 566.
LaTeX Font Info:    Redeclaring font encoding OMS on input line 567.
\macc@depth=\count111
\c@MaxMatrixCols=\count112
\dotsspace@=\muskip11
\c@parentequation=\count113
\dspbrk@lvl=\count114
\tag@help=\toks18
\row@=\count115
\column@=\count116
\maxfields@=\count117
\andhelp@=\toks19
\eqnshift@=\dimen116
\alignsep@=\dimen117
\tagshift@=\dimen118
\tagwidth@=\dimen119
\totwidth@=\dimen120
\lineht@=\dimen121
\@envbody=\toks20
\multlinegap=\skip61
\multlinetaggap=\skip62
\mathdisplay@stack=\toks21
LaTeX Info: Redefining \[ on input line 2665.
LaTeX Info: Redefining \] on input line 2666.
) ("C:\Program Files\MiKTeX 2.9\tex\latex\amscls\amsthm.sty"
Package: amsthm 2004/08/06 v2.20
\thm@style=\toks22
\thm@bodyfont=\toks23
\thm@headfont=\toks24
\thm@notefont=\toks25
\thm@headpunct=\toks26
\thm@preskip=\skip63
\thm@postskip=\skip64
\thm@headsep=\skip65
\dth@everypar=\toks27
) ("C:\Program Files\MiKTeX 2.9\tex\latex\geometry\geometry.sty"
Package: geometry 2010/09/12 v5.6 Page Geometry
\Gm@cnth=\count118
\Gm@cntv=\count119
\c@Gm@tempcnt=\count120
\Gm@bindingoffset=\dimen122
\Gm@wd@mp=\dimen123
\Gm@odd@mp=\dimen124
\Gm@even@mp=\dimen125
\Gm@layoutwidth=\dimen126
\Gm@layoutheight=\dimen127
\Gm@layouthoffset=\dimen128
\Gm@layoutvoffset=\dimen129
\Gm@dimlist=\toks28

("C:\Program Files\MiKTeX 2.9\tex\latex\geometry\geometry.cfg"))
("C:\Program Files\MiKTeX 2.9\tex\latex\titlesec\titlesec.sty"
Package: titlesec 2011/12/15 v2.10.0 Sectioning titles
\ttl@box=\box32
\beforetitleunit=\skip66
\aftertitleunit=\skip67
\ttl@plus=\dimen130
\ttl@minus=\dimen131
\ttl@toksa=\toks29
\titlewidth=\dimen132
\titlewidthlast=\dimen133
\titlewidthfirst=\dimen134
) ("C:\Program Files\MiKTeX 2.9\tex\latex\tabu\tabu.sty"
Package: tabu 2011/02/26 v2.8 - flexible LaTeX tabulars (FC)

("C:\Program Files\MiKTeX 2.9\tex\latex\tools\array.sty"
Package: array 2008/09/09 v2.4c Tabular extension package (FMi)
\col@sep=\dimen135
\extrarowheight=\dimen136
\NC@list=\toks30
\extratabsurround=\skip68
\backup@length=\skip69
) ("C:\Program Files\MiKTeX 2.9\tex\latex\ltxmisc\varwidth.sty"
Package: varwidth 2009/03/30 ver 0.92;  Variable-width minipages
\@vwid@box=\box33
\sift@deathcycles=\count121
\@vwid@loff=\dimen137
\@vwid@roff=\dimen138
)
\c@taburow=\count122
\tabu@nbcols=\count123
\tabu@cnt=\count124
\tabu@Xcol=\count125
\tabu@alloc=\count126
\tabu@nested=\count127
\tabu@target=\dimen139
\tabu@spreadtarget=\dimen140
\tabu@naturalX=\dimen141
\tabucolX=\dimen142
\tabu@Xsum=\dimen143
\extrarowdepth=\dimen144
\abovetabulinesep=\dimen145
\belowtabulinesep=\dimen146
\tabustrutrule=\dimen147
\tabu@thebody=\toks31
\tabu@footnotes=\toks32
\tabu@box=\box34
\tabu@arstrutbox=\box35
\tabu@hleads=\box36
\tabu@vleads=\box37
\tabu@cellskip=\skip70
) ("C:\Program Files\MiKTeX 2.9\tex\latex\threeparttable\threeparttable.sty"
Package: threeparttable 2003/06/13  v 3.0
\@tempboxb=\box38
)
("C:\Program Files\MiKTeX 2.9\tex\latex\multirow\multirow.sty"
\bigstrutjot=\dimen148
)
("C:\Program Files\MiKTeX 2.9\tex\latex\floatrow\floatrow.sty"
Package: floatrow 2008/08/02 v0.3b floatrow: float package extension

("C:\Program Files\MiKTeX 2.9\tex\latex\caption\caption3.sty"
Package: caption3 2013/05/02 v1.6-88 caption3 kernel (AR)
Package caption3 Info: TeX engine: e-TeX on input line 57.
\captionmargin=\dimen149
\captionmargin@=\dimen150
\captionwidth=\dimen151
\caption@tempdima=\dimen152
\caption@indent=\dimen153
\caption@parindent=\dimen154
\caption@hangindent=\dimen155
)
\c@float@type=\count128
\float@exts=\toks33
\float@box=\box39
\@floatcapt=\box40
Package floatrow Info: Modified float package code loaded on input line 455.
Package floatrow Info: Modified rotfloat package code loaded on input line 473.
\FR@everyfloat=\toks34
\flrow@foot=\insert233
\FB@wd=\dimen156
\FBo@wd=\dimen157
\FBc@wd=\dimen158
\FBo@ht=\skip71
\FBc@ht=\skip72
\FBf@ht=\skip73
\FBo@max=\skip74
\FBc@max=\skip75
\FBf@max=\skip76
\c@FBl@b=\count129
\floatbox@depth=\count130
\c@FRobj=\count131
\c@FRsobj=\count132
\Xhsize=\skip77
\sXhsize=\skip78
\Zhsize=\skip79
\sZhsize=\skip80
\flrow@rowbox=\box41
\FR@Zunitlength=\dimen159
\c@FBcnt=\count133
\FPOScnt=\count134
\LTleft=\skip81
\LTright=\skip82
\LTleft=\skip83
\LTright=\skip84
\flrow@types=\toks35
)
("C:\Program Files\MiKTeX 2.9\tex\latex\colortbl\colortbl.sty"
Package: colortbl 2012/02/13 v1.0a Color table columns (DPC)
\everycr=\toks36
\minrowclearance=\skip85
) ("C:\Program Files\MiKTeX 2.9\tex\latex\ms\ragged2e.sty"
Package: ragged2e 2009/05/21 v2.1 ragged2e Package (MS)
("C:\Program Files\MiKTeX 2.9\tex\latex\ms\everysel.sty"
Package: everysel 2011/10/28 v1.2 EverySelectfont Package (MS)
)
\CenteringLeftskip=\skip86
\RaggedLeftLeftskip=\skip87
\RaggedRightLeftskip=\skip88
\CenteringRightskip=\skip89
\RaggedLeftRightskip=\skip90
\RaggedRightRightskip=\skip91
\CenteringParfillskip=\skip92
\RaggedLeftParfillskip=\skip93
\RaggedRightParfillskip=\skip94
\JustifyingParfillskip=\skip95
\CenteringParindent=\skip96
\RaggedLeftParindent=\skip97
\RaggedRightParindent=\skip98
\JustifyingParindent=\skip99
) ("C:\Program Files\MiKTeX 2.9\tex\latex\pdfpages\pdfpages.sty"
Package: pdfpages 2015/06/15 v0.4y Insert pages of external PDF documents (AM)
 ("C:\Program Files\MiKTeX 2.9\tex\latex\tools\calc.sty"
Package: calc 2007/08/22 v4.3 Infix arithmetic (KKT,FJ)
\calc@Acount=\count135
\calc@Bcount=\count136
\calc@Adimen=\dimen160
\calc@Bdimen=\dimen161
\calc@Askip=\skip100
\calc@Bskip=\skip101
LaTeX Info: Redefining \setlength on input line 76.
LaTeX Info: Redefining \addtolength on input line 77.
\calc@Ccount=\count137
\calc@Cskip=\skip102
) ("C:\Program Files\MiKTeX 2.9\tex\latex\eso-pic\eso-pic.sty"
Package: eso-pic 2015/04/20 v2.0e eso-pic (RN)
)
\AM@pagewidth=\dimen162
\AM@pageheight=\dimen163
("C:\Program Files\MiKTeX 2.9\tex\latex\pdfpages\pppdftex.def"
File: pppdftex.def 2015/06/15 v0.4y Pdfpages driver for pdfTeX (AM)
)
("C:\Program Files\MiKTeX 2.9\tex\latex\oberdiek\pdflscape.sty"
Package: pdflscape 2008/08/11 v0.10 Display of landscape pages in PDF (HO)
Package pdflscape Info: Auto-detected driver: pdftex on input line 80.
)
\AM@pagebox=\box42
\AM@toc@title=\toks37
\c@AM@survey=\count138
\AM@templatesizebox=\box43
)
("C:\Program Files\MiKTeX 2.9\tex\latex\chngcntr\chngcntr.sty"
Package: chngcntr 2009/09/02 v1.0a change counter resetting
)
\c@thm=\count139
\c@theorem=\count140
\c@acknowledgement=\count141
\c@corollary=\count142
\c@lemma=\count143
\c@proposition=\count144
\c@remark=\count145
\c@assumption=\count146
\c@hp=\count147
Package color Info: Redefining color Gray on input line 68.

("C:\Program Files\MiKTeX 2.9\tex\latex\footmisc\footmisc.sty"
Package: footmisc 2011/06/06 v5.5b a miscellany of footnote facilities
\FN@temptoken=\toks38
\footnotemargin=\dimen164
\c@pp@next@reset=\count148
Package footmisc Info: Declaring symbol style bringhurst on input line 855.
Package footmisc Info: Declaring symbol style chicago on input line 863.
Package footmisc Info: Declaring symbol style wiley on input line 872.
Package footmisc Info: Declaring symbol style lamport-robust on input line 883.
Package footmisc Info: Declaring symbol style lamport* on input line 903.
Package footmisc Info: Declaring symbol style lamport*-robust on input line 924.
)
("C:\Program Files\MiKTeX 2.9\tex\latex\booktabs\booktabs.sty"
Package: booktabs 2005/04/14 v1.61803 publication quality tables
\heavyrulewidth=\dimen165
\lightrulewidth=\dimen166
\cmidrulewidth=\dimen167
\belowrulesep=\dimen168
\belowbottomsep=\dimen169
\aboverulesep=\dimen170
\abovetopsep=\dimen171
\cmidrulesep=\dimen172
\cmidrulekern=\dimen173
\defaultaddspace=\dimen174
\@cmidla=\count149
\@cmidlb=\count150
\@aboverulesep=\dimen175
\@belowrulesep=\dimen176
\@thisruleclass=\count151
\@lastruleclass=\count152
\@thisrulewidth=\dimen177
)
("C:\Program Files\MiKTeX 2.9\tex\latex\tools\tabularx.sty"
Package: tabularx 1999/01/07 v2.07 `tabularx' package (DPC)
\TX@col@width=\dimen178
\TX@old@table=\dimen179
\TX@old@col=\dimen180
\TX@target=\dimen181
\TX@delta=\dimen182
\TX@cols=\count153
\TX@ftn=\toks39
)
("C:\Program Files\MiKTeX 2.9\tex\latex\rotating\rotating.sty"
Package: rotating 2009/03/28 v2.16a rotated objects in LaTeX
\c@r@tfl@t=\count154
\rotFPtop=\skip103
\rotFPbot=\skip104
\rot@float@box=\box44
\rot@mess@toks=\toks40
)
("C:\Program Files\MiKTeX 2.9\tex\latex\sectsty\sectsty.sty"
Package: sectsty 2002/02/25 v2.0.2 Commands to change all sectional heading styles
) ("C:\Program Files\MiKTeX 2.9\tex\latex\caption\caption.sty"
Package: caption 2013/05/02 v3.3-89 Customizing captions (AR)
\c@ContinuedFloat=\count155
Package caption Info: float package is loaded.
Package caption Info: floatrow package is loaded.
Package caption Info: hyperref package is loaded.
Package caption Info: longtable package is loaded.
 ("C:\Program Files\MiKTeX 2.9\tex\latex\caption\ltcaption.sty"
Package: ltcaption 2013/02/03 v1.3-62 longtable captions (AR)
)
Package caption Info: rotating package is loaded.
Package caption Info: threeparttable package is loaded.
)
("C:\Program Files\MiKTeX 2.9\tex\latex\appendix\appendix.sty"
Package: appendix 2009/09/02 v1.2b extra appendix facilities
\c@@pps=\count156
\c@@ppsavesec=\count157
\c@@ppsaveapp=\count158
)
("C:\Program Files\MiKTeX 2.9\tex\latex\etoolbox\etoolbox.sty"
Package: etoolbox 2015/05/04 v2.2 e-TeX tools for LaTeX (JAW)
 ("C:\Program Files\MiKTeX 2.9\tex\latex\misc\etex.sty"
Package: etex 1998/03/26 v2.0 eTeX basic definition package (PEB)
\et@xins=\count159
)
\etb@tempcnta=\count160
)
("C:\Program Files\MiKTeX 2.9\tex\latex\lipsum\lipsum.sty"
Package: lipsum 2014/07/27 v1.3 150 paragraphs of Lorem Ipsum dummy text
\c@lips@count=\count161
) ("C:\Users\nils\Desktop\Thesis\main file.aux"
(C:\Users\nils\Desktop\Thesis\titlepage.aux) (C:\Users\nils\Desktop\Thesis\Dedication/dedication.aux)
(C:\Users\nils\Desktop\Thesis\Declaration/declaration.aux)
(C:\Users\nils\Desktop\Thesis\Acknowledgements/acknowledgements.aux)
(C:\Users\nils\Desktop\Thesis\introduction/introduction.aux) (C:\Users\nils\Desktop\Thesis\chapter1/chapter1.aux)
(C:\Users\nils\Desktop\Thesis\chapter2/chapter2.aux) (C:\Users\nils\Desktop\Thesis\chapter3/chapter3.aux

LaTeX Warning: Label `tb:market_lit' multiply defined.


LaTeX Warning: Label `sec:disc' multiply defined.

) (C:\Users\nils\Desktop\Thesis\conclusion/conclusion.aux))
LaTeX Font Info:    Checking defaults for OML/cmm/m/it on input line 146.
LaTeX Font Info:    ... okay on input line 146.
LaTeX Font Info:    Checking defaults for T1/cmr/m/n on input line 146.
LaTeX Font Info:    ... okay on input line 146.
LaTeX Font Info:    Checking defaults for OT1/cmr/m/n on input line 146.
LaTeX Font Info:    ... okay on input line 146.
LaTeX Font Info:    Checking defaults for OMS/cmsy/m/n on input line 146.
LaTeX Font Info:    ... okay on input line 146.
LaTeX Font Info:    Checking defaults for OMX/cmex/m/n on input line 146.
LaTeX Font Info:    ... okay on input line 146.
LaTeX Font Info:    Checking defaults for U/cmr/m/n on input line 146.
LaTeX Font Info:    ... okay on input line 146.
LaTeX Font Info:    Checking defaults for PD1/pdf/m/n on input line 146.
LaTeX Font Info:    ... okay on input line 146.
 ("C:\Program Files\MiKTeX 2.9\tex\context\base\supp-pdf.mkii"
[Loading MPS to PDF converter (version 2006.09.02).]
\scratchcounter=\count162
\scratchdimen=\dimen183
\scratchbox=\box45
\nofMPsegments=\count163
\nofMParguments=\count164
\everyMPshowfont=\toks41
\MPscratchCnt=\count165
\MPscratchDim=\dimen184
\MPnumerator=\count166
\makeMPintoPDFobject=\count167
\everyMPtoPDFconversion=\toks42
)
\AtBeginShipoutBox=\box46
Package backref Info: ** backref set up for natbib ** on input line 146.
Package hyperref Info: Link coloring ON on input line 146.
 ("C:\Program Files\MiKTeX 2.9\tex\latex\hyperref\nameref.sty"
Package: nameref 2012/10/27 v2.43 Cross-referencing by name of section

("C:\Program Files\MiKTeX 2.9\tex\generic\oberdiek\gettitlestring.sty"
Package: gettitlestring 2010/12/03 v1.4 Cleanup title references (HO)
)
\c@section@level=\count168
)
LaTeX Info: Redefining \ref on input line 146.
LaTeX Info: Redefining \pageref on input line 146.
LaTeX Info: Redefining \nameref on input line 146.
 ("C:\Users\nils\Desktop\Thesis\main file.out")
("C:\Users\nils\Desktop\Thesis\main file.out")
\@outlinefile=\write4

*geometry* driver: auto-detecting
*geometry* detected driver: pdftex
*geometry* verbose mode - [ preamble ] result:
* driver: pdftex
* paper: a4paper
* layout: <same size as paper>
* layoutoffset:(h,v)=(0.0pt,0.0pt)
* modes: 
* h-part:(L,W,R)=(113.81102pt, 426.79135pt, 56.9055pt)
* v-part:(T,H,B)=(101.40665pt, 591.5302pt, 152.11pt)
* \paperwidth=597.50787pt
* \paperheight=845.04684pt
* \textwidth=426.79135pt
* \textheight=591.5302pt
* \oddsidemargin=41.54103pt
* \evensidemargin=41.54103pt
* \topmargin=-38.51184pt
* \headheight=39.19576pt
* \headsep=28.45274pt
* \topskip=12.0pt
* \footskip=67.14851pt
* \marginparwidth=85.35826pt
* \marginparsep=2.84526pt
* \columnsep=10.0pt
* \skip\footins=10.8pt plus 4.0pt minus 2.0pt
* \hoffset=0.0pt
* \voffset=0.0pt
* \mag=1000
* \@twocolumnfalse
* \@twosidefalse
* \@mparswitchfalse
* \@reversemarginfalse
* (1in=72.27pt=25.4mm, 1cm=28.453pt)

Package caption Info: Begin \AtBeginDocument code.
Package caption Info: floatrow package is loaded.
Package caption Info: End \AtBeginDocument code.
("C:\Program Files\MiKTeX 2.9\tex\latex\floatrow\fr-longtable.sty"
Package: fr-longtable 2007/11/28 v0.1b (beta) floatrow: additions for longtable
\flrow@LT@lasthead=\box47
\flrow@LT@prelastfoot=\box48
\c@FBLTpage=\count169
) ABD: EverySelectfont initializing macros
LaTeX Info: Redefining \selectfont on input line 146.

(C:\Users\nils\Desktop\Thesis\titlepage/titlepage.tex [1


{C:/ProgramData/MiKTeX/2.9/pdftex/config/pdftex.map}])
No file titlepage.tex.
(C:\Users\nils\Desktop\Thesis\Dedication/dedication.tex [1



]) (C:\Users\nils\Desktop\Thesis\Declaration/declaration.tex
[2


]) (C:\Users\nils\Desktop\Thesis\Acknowledgements/acknowledgements.tex [3


])
(C:\Users\nils\Desktop\Thesis\Abstract/abstract.tex) [4

] [5] ("C:\Users\nils\Desktop\Thesis\main file.toc"
LaTeX Font Info:    Try loading font information for U+msa on input line 6.

("C:\Program Files\MiKTeX 2.9\tex\latex\amsfonts\umsa.fd"
File: umsa.fd 2013/01/14 v3.01 AMS symbols A
)
LaTeX Font Info:    Try loading font information for U+msb on input line 6.
 ("C:\Program Files\MiKTeX 2.9\tex\latex\amsfonts\umsb.fd"
File: umsb.fd 2013/01/14 v3.01 AMS symbols B
)
[6

])
\tf@toc=\write5
 [7] ("C:\Users\nils\Desktop\Thesis\main file.lot")
\tf@lot=\write6
 [8

] ("C:\Users\nils\Desktop\Thesis\main file.lof")
\tf@lof=\write7
 [9

]
Chapter 1.
[10

] (C:\Users\nils\Desktop\Thesis\introduction/introduction.tex [11

]) [12]
Chapter 2.
[13


] (C:\Users\nils\Desktop\Thesis\chapter1/chapter1.tex [14

] [15]

Package natbib Warning: Citation `litterman_1991' on page 16 undefined on input line 9.


Package natbib Warning: Citation `piazzesi_2003' on page 16 undefined on input line 9.


Package natbib Warning: Citation `piazzesi_2010' on page 16 undefined on input line 11.


Package natbib Warning: Citation `diebold_book' on page 16 undefined on input line 11.

[16] [17]

Package natbib Warning: Citation `fama_bliss_1987' on page 18 undefined on input line 39.

[18]

Package natbib Warning: Citation `almeida_2008' on page 19 undefined on input line 45.

[19] [20]

Package natbib Warning: Citation `ahn_2002' on page 21 undefined on input line 77.

[21]

Package natbib Warning: Citation `piazzesi_taylor_2007' on page 22 undefined on input line 86.


Package natbib Warning: Citation `aruoba_2010' on page 22 undefined on input line 86.


Package natbib Warning: Citation `depooter_2010' on page 22 undefined on input line 86.

[22]

Package natbib Warning: Citation `campbell_2003' on page 23 undefined on input line 88.


Package natbib Warning: Citation `lettau_2011' on page 23 undefined on input line 88.


Package natbib Warning: Citation `andersen_2007' on page 23 undefined on input line 90.


Package natbib Warning: Citation `joslin2_' on page 23 undefined on input line 90.


Package natbib Warning: Citation `giannone_' on page 23 undefined on input line 91.

[23]

Package natbib Warning: Citation `diebold_2008' on page 24 undefined on input line 93.


Package natbib Warning: Citation `pesaran_2014' on page 24 undefined on input line 93.


Package natbib Warning: Citation `carriero_2011' on page 24 undefined on input line 93.

[24]) [25]
Chapter 3.
[26


] (C:\Users\nils\Desktop\Thesis\chapter2/chapter2.tex

LaTeX Warning: Reference `sec:concl' on page 27 undefined on input line 3.

[27

] [28] [29] <inc_ineq_attanasio2012.JPG, id=400, 767.86874pt x 566.86781pt>
File: inc_ineq_attanasio2012.JPG Graphic file (type jpg)
 <use inc_ineq_attanasio2012.JPG>
Package pdftex.def Info: inc_ineq_attanasio2012.JPG used on input line 11.
(pdftex.def)             Requested size: 362.77525pt x 267.82051pt.

<chg_debt_scf.JPG, id=414, 630.85687pt x 379.4175pt>
File: chg_debt_scf.JPG Graphic file (type jpg)
 <use chg_debt_scf.JPG>
Package pdftex.def Info: chg_debt_scf.JPG used on input line 19.
(pdftex.def)             Requested size: 362.77525pt x 218.18652pt.
 [30] [31 <C:/Users/nils/Desktop/Thesis/inc_ineq_attanasio2012.JPG>] [32]
LaTeX Font Info:    Try loading font information for OMS+cmr on input line 27.
 ("C:\Program Files\MiKTeX 2.9\tex\latex\base\omscmr.fd"
File: omscmr.fd 1999/05/25 v2.5h Standard LaTeX font definitions
)
LaTeX Font Info:    Font shape `OMS/cmr/m/n' in size <12> not available
(Font)              Font shape `OMS/cmsy/m/n' tried instead on input line 27.
 [33 <C:/Users/nils/Desktop/Thesis/chg_debt_scf.JPG>] [34] [35] [36] [37] [38] [39] [40] [41] [42] [43]) [44]
Chapter 4.
[45


] (C:\Users\nils\Desktop\Thesis\chapter3/chapter3.tex [46

] [47] [48] [49] [50] [51] [52] [53] [54] [55]
Overfull \hbox (44.30948pt too wide) in paragraph at lines 72--89
 [][] 
 []

[56] [57] [58] [59] [60] [61] [62] [63] [64] [65] [66] [67] [68] [69] [70]
<can_mex_tariff.png, id=851, 908.39375pt x 660.4675pt>
File: can_mex_tariff.png Graphic file (type png)
 <use can_mex_tariff.png>
Package pdftex.def Info: can_mex_tariff.png used on input line 228.
(pdftex.def)             Requested size: 317.94258pt x 231.16708pt.

<can_usa_tariff.png, id=852, 908.39375pt x 660.4675pt>
File: can_usa_tariff.png Graphic file (type png)
 <use can_usa_tariff.png>
Package pdftex.def Info: can_usa_tariff.png used on input line 234.
(pdftex.def)             Requested size: 317.94258pt x 231.16708pt.
 [71 <C:/Users/nils/Desktop/Thesis/can_mex_tariff.png>] <mex_can_tariff.png, id=857, 908.39375pt x 660.4675pt>
File: mex_can_tariff.png Graphic file (type png)
 <use mex_can_tariff.png>
Package pdftex.def Info: mex_can_tariff.png used on input line 242.
(pdftex.def)             Requested size: 317.94258pt x 231.16708pt.

<mex_usa_tariff.png, id=858, 908.39375pt x 660.4675pt>
File: mex_usa_tariff.png Graphic file (type png)
 <use mex_usa_tariff.png>
Package pdftex.def Info: mex_usa_tariff.png used on input line 248.
(pdftex.def)             Requested size: 317.94258pt x 231.16708pt.

<usa_can_tariff.png, id=859, 908.39375pt x 660.4675pt>
File: usa_can_tariff.png Graphic file (type png)
 <use usa_can_tariff.png>
Package pdftex.def Info: usa_can_tariff.png used on input line 256.
(pdftex.def)             Requested size: 317.94258pt x 231.16708pt.

<usa_mex_tariff.png, id=860, 908.39375pt x 660.4675pt>
File: usa_mex_tariff.png Graphic file (type png)
 <use usa_mex_tariff.png>
Package pdftex.def Info: usa_mex_tariff.png used on input line 262.
(pdftex.def)             Requested size: 317.94258pt x 231.16708pt.

(C:\Users\nils\Desktop\Thesis\sumstats.tex)
Overfull \hbox (53.65271pt too wide) in paragraph at lines 282--321
 [] 
 []

(C:\Users\nils\Desktop\Thesis\gw_price_sr.tex) (C:\Users\nils\Desktop\Thesis\gw_mark_sr.tex)
(C:\Users\nils\Desktop\Thesis\gw_prod_sr.tex) (C:\Users\nils\Desktop\Thesis\gw_price_lr.tex)
(C:\Users\nils\Desktop\Thesis\gw_mark_lr.tex) (C:\Users\nils\Desktop\Thesis\gw_prod_lr.tex)) [72 <C:/Users/nils/Desktop/
Thesis/can_usa_tariff.png>] [73 <C:/Users/nils/Desktop/Thesis/mex_can_tariff.png> <C:/Users/nils/Desktop/Thesis/mex_usa_
tariff.png>] [74 <C:/Users/nils/Desktop/Thesis/usa_can_tariff.png> <C:/Users/nils/Desktop/Thesis/usa_mex_tariff.png>]
[75] [76] [77] [78] [79] [80] [81]
Chapter 5.
[82


] (C:\Users\nils\Desktop\Thesis\conclusion/conclusion.tex [83

]

Package natbib Warning: Citation `christensen_2013' on page 84 undefined on input line 7.

[84]) [85] ("C:\Users\nils\Desktop\Thesis\main file.bbl" ("C:\Users\nils\Desktop\Thesis\main file.brf")
\tf@brf=\write8
 [86


] [87]
Missing character: There is no ï in font cmbx12!
Missing character: There is no ¿ in font cmbx12!
Missing character: There is no ½ in font cmbx12!

[88] [89] [90] [91]) [92]

Package natbib Warning: There were undefined citations.

Package atveryend Info: Empty hook `BeforeClearDocument' on input line 200.
Package atveryend Info: Empty hook `AfterLastShipout' on input line 200.
("C:\Users\nils\Desktop\Thesis\main file.aux" (C:\Users\nils\Desktop\Thesis\titlepage.aux)
(C:\Users\nils\Desktop\Thesis\Dedication/dedication.aux) (C:\Users\nils\Desktop\Thesis\Declaration/declaration.aux)
(C:\Users\nils\Desktop\Thesis\Acknowledgements/acknowledgements.aux)
(C:\Users\nils\Desktop\Thesis\introduction/introduction.aux) (C:\Users\nils\Desktop\Thesis\chapter1/chapter1.aux)
(C:\Users\nils\Desktop\Thesis\chapter2/chapter2.aux) (C:\Users\nils\Desktop\Thesis\chapter3/chapter3.aux)
(C:\Users\nils\Desktop\Thesis\conclusion/conclusion.aux))
Package atveryend Info: Executing hook `AtVeryEndDocument' on input line 200.
Package atveryend Info: Executing hook `AtEndAfterFileList' on input line 200.
Package rerunfilecheck Info: File `main*file.out' has not changed.
(rerunfilecheck)             Checksum: <no file>.
Package rerunfilecheck Info: File `main*file.brf' has not changed.
(rerunfilecheck)             Checksum: <no file>.


LaTeX Warning: There were undefined references.


LaTeX Warning: There were multiply-defined labels.

Package atveryend Info: Empty hook `AtVeryVeryEnd' on input line 200.
 ) 
Here is how much of TeX's memory you used:
 13274 strings out of 493921
 196782 string characters out of 3147285
 517818 words of memory out of 3000000
 15963 multiletter control sequences out of 15000+200000
 15573 words of font info for 59 fonts, out of 3000000 for 9000
 841 hyphenation exceptions out of 8191
 39i,18n,47p,3882b,611s stack positions out of 5000i,500n,10000p,200000b,50000s
pdfTeX warning (dest): name{Hfootnote.11} has been referenced but does not exist, replaced by a fixed one

pdfTeX warning (dest): name{Hfootnote.10} has been referenced but does not exist, replaced by a fixed one

pdfTeX warning (dest): name{Hfootnote.9} has been referenced but does not exist, replaced by a fixed one

pdfTeX warning (dest): name{Hfootnote.8} has been referenced but does not exist, replaced by a fixed one

pdfTeX warning (dest): name{Hfootnote.7} has been referenced but does not exist, replaced by a fixed one

pdfTeX warning (dest): name{Hfootnote.6} has been referenced but does not exist, replaced by a fixed one

pdfTeX warning (dest): name{Hfootnote.5} has been referenced but does not exist, replaced by a fixed one

pdfTeX warning (dest): name{Hfootnote.4} has been referenced but does not exist, replaced by a fixed one

pdfTeX warning (dest): name{Hfootnote.3} has been referenced but does not exist, replaced by a fixed one

pdfTeX warning (dest): name{Hfootnote.2} has been referenced but does not exist, replaced by a fixed one

pdfTeX warning (dest): name{Hfootnote.1} has been referenced but does not exist, replaced by a fixed one

<C:/Program Files/MiKTeX 2.9/fonts/type1/public/amsfonts/cm/cmbx10.pfb><C:/Program Files/MiKTeX 2.9/fonts/type1/public/a
msfonts/cm/cmbx12.pfb><C:/Program Files/MiKTeX 2.9/fonts/type1/public/amsfonts/cm/cmex10.pfb><C:/Program Files/MiKTeX 2.
9/fonts/type1/public/amsfonts/cmextra/cmex7.pfb><C:/Program Files/MiKTeX 2.9/fonts/type1/public/amsfonts/cm/cmmi10.pfb><
C:/Program Files/MiKTeX 2.9/fonts/type1/public/amsfonts/cm/cmmi12.pfb><C:/Program Files/MiKTeX 2.9/fonts/type1/public/am
sfonts/cm/cmmi5.pfb><C:/Program Files/MiKTeX 2.9/fonts/type1/public/amsfonts/cm/cmmi6.pfb><C:/Program Files/MiKTeX 2.9/f
onts/type1/public/amsfonts/cm/cmmi8.pfb><C:/Program Files/MiKTeX 2.9/fonts/type1/public/amsfonts/cm/cmr10.pfb><C:/Progra
m Files/MiKTeX 2.9/fonts/type1/public/amsfonts/cm/cmr12.pfb><C:/Program Files/MiKTeX 2.9/fonts/type1/public/amsfonts/cm/
cmr5.pfb><C:/Program Files/MiKTeX 2.9/fonts/type1/public/amsfonts/cm/cmr6.pfb><C:/Program Files/MiKTeX 2.9/fonts/type1/p
ublic/amsfonts/cm/cmr7.pfb><C:/Program Files/MiKTeX 2.9/fonts/type1/public/amsfonts/cm/cmr8.pfb><C:/Program Files/MiKTeX
 2.9/fonts/type1/public/amsfonts/cm/cmsy10.pfb><C:/Program Files/MiKTeX 2.9/fonts/type1/public/amsfonts/cm/cmsy5.pfb><C:
/Program Files/MiKTeX 2.9/fonts/type1/public/amsfonts/cm/cmsy6.pfb><C:/Program Files/MiKTeX 2.9/fonts/type1/public/amsfo
nts/cm/cmsy8.pfb><C:/Program Files/MiKTeX 2.9/fonts/type1/public/amsfonts/cm/cmti12.pfb><C:/Program Files/MiKTeX 2.9/fon
ts/type1/public/amsfonts/cm/cmti7.pfb><C:/Program Files/MiKTeX 2.9/fonts/type1/public/amsfonts/symbols/msbm10.pfb>
Output written on "main file.pdf" (93 pages, 938554 bytes).
PDF statistics:
 1155 PDF objects out of 1200 (max. 8388607)
 252 named destinations out of 1000 (max. 500000)
 289 words of extra memory for PDF output out of 10000 (max. 10000000)

